<?xml version="1.0" encoding="UTF-8"?><testsuite errors="0" failures="0" name="RapiCredit - Main use cases" skipped="0" tests="6" time="189.88" timestamp="2025-11-12 03:15:51"><testcase name="Usuario inicia sesión desde la página principal"/><testcase name="Usuario intenta iniciar sesión con contraseña incorrecta y acepta el banner de fallo"/><testcase name="Registrar usuario completo"/><testcase name="Enviar formulario de contacto con datos válidos"/><testcase name="Buscar en preguntas frecuentes por palabra clave"/><testcase name="Pagar un crédito pendiente"/></testsuite>